<?xml version="1.0" encoding="UTF-8"?>
<!-- Generated by org.testng.reporters.JUnitReportReporter -->
<testsuite skipped="0" hostname="ip-172-31-18-173" name="GoogleSearch" tests="1" failures="0" timestamp="01 Jul 2020 12:28:15 GMT" time="12.757" errors="0">
  <testcase name="GoogleSearch" time="12.757" classname="GoogleSearch"/>
</testsuite> <!-- GoogleSearch -->
